newsreader/build/outputs/logs/manifest-merger-release-report.txt
-- Merging decision tree log ---
manifest
ADDED from src/main/AndroidManifest.xml:2:1-126:12
	package
		ADDED from src/main/AndroidManifest.xml:3:5-33
		INJECTED from src/main/AndroidManifest.xml
		INJECTED from src/main/AndroidManifest.xml
	android:versionName
		ADDED from src/main/AndroidManifest.xml:5:5-30
	android:versionCode
		ADDED from src/main/AndroidManifest.xml:4:5-29
		INJECTED from src/main/AndroidManifest.xml
		INJECTED from src/main/AndroidManifest.xml
	xmlns:android
		ADDED from src/main/AndroidManifest.xml:2:11-69
uses-sdk
ADDED from src/main/AndroidManifest.xml:7:5-9:41
MERGED from [com.android.support:appcompat-v7:23.0.1] AndroidManifest.xml:20:5-43
MERGED from [com.android.support:support-v4:23.0.1] AndroidManifest.xml:20:5-43
MERGED from [com.android.support:design:23.0.1] AndroidManifest.xml:20:5-43
MERGED from [com.android.support:support-v4:23.0.1] AndroidManifest.xml:20:5-43
MERGED from [com.android.support:appcompat-v7:23.0.1] AndroidManifest.xml:20:5-43
MERGED from [com.android.support:support-v4:23.0.1] AndroidManifest.xml:20:5-43
MERGED from [com.google.android.gms:play-services-location:8.4.0] AndroidManifest.xml:18:5-42
MERGED from [com.google.android.gms:play-services-base:8.4.0] AndroidManifest.xml:18:5-42
MERGED from [com.google.android.gms:play-services-basement:8.4.0] AndroidManifest.xml:18:5-42
MERGED from [com.android.support:support-v4:23.0.1] AndroidManifest.xml:20:5-43
MERGED from [com.google.android.gms:play-services-maps:8.4.0] AndroidManifest.xml:26:5-42
MERGED from [com.google.android.gms:play-services-base:8.4.0] AndroidManifest.xml:18:5-42
MERGED from [com.google.android.gms:play-services-basement:8.4.0] AndroidManifest.xml:18:5-42
MERGED from [com.android.support:support-v4:23.0.1] AndroidManifest.xml:20:5-43
	android:targetSdkVersion
		ADDED from src/main/AndroidManifest.xml:9:9-38
		INJECTED from src/main/AndroidManifest.xml
		INJECTED from src/main/AndroidManifest.xml
	android:minSdkVersion
		ADDED from src/main/AndroidManifest.xml:8:9-35
		INJECTED from src/main/AndroidManifest.xml
		INJECTED from src/main/AndroidManifest.xml
uses-permission#android.permission.INTERNET
ADDED from src/main/AndroidManifest.xml:11:5-67
MERGED from [com.google.android.gms:play-services-maps:8.4.0] AndroidManifest.xml:21:5-66
	android:name
		ADDED from src/main/AndroidManifest.xml:11:22-64
uses-permission#android.permission.ACCESS_NETWORK_STATE
ADDED from src/main/AndroidManifest.xml:12:5-79
MERGED from [com.google.android.gms:play-services-maps:8.4.0] AndroidManifest.xml:20:5-78
	android:name
		ADDED from src/main/AndroidManifest.xml:12:22-76
uses-permission#android.permission.WRITE_EXTERNAL_STORAGE
ADDED from src/main/AndroidManifest.xml:13:5-81
	android:name
		ADDED from src/main/AndroidManifest.xml:13:22-78
uses-permission#android.permission.GET_TASKS
ADDED from src/main/AndroidManifest.xml:14:5-68
	android:name
		ADDED from src/main/AndroidManifest.xml:14:22-65
uses-permission#android.permission.READ_PHONE_STATE
ADDED from src/main/AndroidManifest.xml:15:5-75
	android:name
		ADDED from src/main/AndroidManifest.xml:15:22-72
uses-permission#android.permission.ACCESS_FINE_LOCATION
ADDED from src/main/AndroidManifest.xml:16:5-79
	android:name
		ADDED from src/main/AndroidManifest.xml:16:22-76
uses-permission#android.permission.ACCESS_COARSE_LOCATION
ADDED from src/main/AndroidManifest.xml:17:5-81
	android:name
		ADDED from src/main/AndroidManifest.xml:17:22-78
uses-permission#com.google.android.gms.permission.ACTIVITY_RECOGNITION
ADDED from src/main/AndroidManifest.xml:18:5-94
	android:name
		ADDED from src/main/AndroidManifest.xml:18:22-91
uses-permission#android.permission.GET_ACCOUNTS
ADDED from src/main/AndroidManifest.xml:21:5-71
	android:name
		ADDED from src/main/AndroidManifest.xml:21:22-68
uses-permission#android.permission.READ_PROFILE
ADDED from src/main/AndroidManifest.xml:22:5-71
	android:name
		ADDED from src/main/AndroidManifest.xml:22:22-68
uses-permission#android.permission.READ_EXTERNAL_STORAGE
ADDED from src/main/AndroidManifest.xml:24:5-80
	android:name
		ADDED from src/main/AndroidManifest.xml:24:22-77
uses-permission#android.hardware.location.gps
ADDED from src/main/AndroidManifest.xml:25:5-69
	android:name
		ADDED from src/main/AndroidManifest.xml:25:22-66
application
ADDED from src/main/AndroidManifest.xml:30:5-124:19
MERGED from [com.android.support:appcompat-v7:23.0.1] AndroidManifest.xml:22:5-20
MERGED from [com.android.support:support-v4:23.0.1] AndroidManifest.xml:22:5-20
MERGED from [com.android.support:design:23.0.1] AndroidManifest.xml:22:5-20
MERGED from [com.android.support:support-v4:23.0.1] AndroidManifest.xml:22:5-20
MERGED from [com.android.support:appcompat-v7:23.0.1] AndroidManifest.xml:22:5-20
MERGED from [com.android.support:support-v4:23.0.1] AndroidManifest.xml:22:5-20
MERGED from [com.google.android.gms:play-services-location:8.4.0] AndroidManifest.xml:19:5-20
MERGED from [com.google.android.gms:play-services-basement:8.4.0] AndroidManifest.xml:20:5-24:19
MERGED from [com.android.support:support-v4:23.0.1] AndroidManifest.xml:22:5-20
MERGED from [com.google.android.gms:play-services-maps:8.4.0] AndroidManifest.xml:27:5-20
MERGED from [com.google.android.gms:play-services-basement:8.4.0] AndroidManifest.xml:20:5-24:19
MERGED from [com.android.support:support-v4:23.0.1] AndroidManifest.xml:22:5-20
	android:label
		ADDED from src/main/AndroidManifest.xml:34:9-41
	android:hardwareAccelerated
		ADDED from src/main/AndroidManifest.xml:32:9-43
	android:allowBackup
		ADDED from src/main/AndroidManifest.xml:31:9-35
	android:icon
		ADDED from src/main/AndroidManifest.xml:33:9-52
	android:theme
		ADDED from src/main/AndroidManifest.xml:35:9-40
activity#com.ucl.news.main.WelcomeScreen
ADDED from src/main/AndroidManifest.xml:36:9-46:20
	android:screenOrientation
		ADDED from src/main/AndroidManifest.xml:40:13-49
	android:noHistory
		ADDED from src/main/AndroidManifest.xml:39:13-37
	android:configChanges
		ADDED from src/main/AndroidManifest.xml:38:13-59
	android:name
		ADDED from src/main/AndroidManifest.xml:37:13-59
intent-filter#android.intent.action.MAIN+android.intent.category.LAUNCHER
ADDED from src/main/AndroidManifest.xml:41:13-45:29
action#android.intent.action.MAIN
ADDED from src/main/AndroidManifest.xml:42:17-69
	android:name
		ADDED from src/main/AndroidManifest.xml:42:25-66
category#android.intent.category.LAUNCHER
ADDED from src/main/AndroidManifest.xml:44:17-77
	android:name
		ADDED from src/main/AndroidManifest.xml:44:27-74
activity#com.ucl.news.main.LoginActivity
ADDED from src/main/AndroidManifest.xml:47:9-51:20
	android:screenOrientation
		ADDED from src/main/AndroidManifest.xml:50:13-49
	android:configChanges
		ADDED from src/main/AndroidManifest.xml:49:13-59
	android:name
		ADDED from src/main/AndroidManifest.xml:48:13-59
activity#com.ucl.news.main.QuestionnaireActivity
ADDED from src/main/AndroidManifest.xml:52:9-56:20
	android:screenOrientation
		ADDED from src/main/AndroidManifest.xml:55:13-49
	android:configChanges
		ADDED from src/main/AndroidManifest.xml:54:13-59
	android:name
		ADDED from src/main/AndroidManifest.xml:53:13-67
activity#com.ucl.news.main.RegistrationActivity
ADDED from src/main/AndroidManifest.xml:57:9-61:20
	android:screenOrientation
		ADDED from src/main/AndroidManifest.xml:60:13-49
	android:configChanges
		ADDED from src/main/AndroidManifest.xml:59:13-59
	android:name
		ADDED from src/main/AndroidManifest.xml:58:13-66
activity#com.ucl.news.main.MainActivity
ADDED from src/main/AndroidManifest.xml:62:9-66:20
	android:screenOrientation
		ADDED from src/main/AndroidManifest.xml:65:13-49
	android:configChanges
		ADDED from src/main/AndroidManifest.xml:64:13-59
	android:name
		ADDED from src/main/AndroidManifest.xml:63:13-58
activity#com.ucl.news.adaptation.main.MainActivityReviewers
ADDED from src/main/AndroidManifest.xml:67:9-71:20
	android:screenOrientation
		ADDED from src/main/AndroidManifest.xml:70:13-49
	android:configChanges
		ADDED from src/main/AndroidManifest.xml:69:13-59
	android:name
		ADDED from src/main/AndroidManifest.xml:68:13-78
activity#com.ucl.news.adaptation.main.MainActivityTrackers
ADDED from src/main/AndroidManifest.xml:72:9-76:20
	android:screenOrientation
		ADDED from src/main/AndroidManifest.xml:75:13-49
	android:configChanges
		ADDED from src/main/AndroidManifest.xml:74:13-59
	android:name
		ADDED from src/main/AndroidManifest.xml:73:13-77
activity#com.ucl.news.adaptation.main.MainActivityDippers
ADDED from src/main/AndroidManifest.xml:77:9-81:20
	android:screenOrientation
		ADDED from src/main/AndroidManifest.xml:80:13-49
	android:configChanges
		ADDED from src/main/AndroidManifest.xml:79:13-59
	android:name
		ADDED from src/main/AndroidManifest.xml:78:13-76
activity#com.ucl.news.main.ArticleActivity
ADDED from src/main/AndroidManifest.xml:82:9-85:20
	android:screenOrientation
		ADDED from src/main/AndroidManifest.xml:84:13-49
	android:name
		ADDED from src/main/AndroidManifest.xml:83:13-61
activity#com.ucl.news.main.SettingsActivity
ADDED from src/main/AndroidManifest.xml:86:9-88:52
	android:screenOrientation
		ADDED from src/main/AndroidManifest.xml:88:13-49
	android:name
		ADDED from src/main/AndroidManifest.xml:87:13-62
activity#com.ucl.news.utils.CustomDialog
ADDED from src/main/AndroidManifest.xml:89:9-68
	android:name
		ADDED from src/main/AndroidManifest.xml:89:19-65
service#com.ucl.news.services.NewsAppsService
ADDED from src/main/AndroidManifest.xml:91:9-97:19
	android:exported
		ADDED from src/main/AndroidManifest.xml:93:13-36
	android:name
		ADDED from src/main/AndroidManifest.xml:92:13-65
intent-filter#com.ucl.news.services.NewsAppsService
ADDED from src/main/AndroidManifest.xml:94:13-96:29
action#com.ucl.news.services.NewsAppsService
ADDED from src/main/AndroidManifest.xml:95:17-80
	android:name
		ADDED from src/main/AndroidManifest.xml:95:25-77
service#com.ucl.news.services.DetectedActivitiesIntentService
ADDED from src/main/AndroidManifest.xml:101:9-103:39
	android:exported
		ADDED from src/main/AndroidManifest.xml:103:13-36
	android:name
		ADDED from src/main/AndroidManifest.xml:102:13-81
activity#com.ucl.newsreader.LoginActivity
ADDED from src/main/AndroidManifest.xml:116:9-119:20
	android:label
		ADDED from src/main/AndroidManifest.xml:118:13-57
	android:name
		ADDED from src/main/AndroidManifest.xml:117:13-42
activity#com.ucl.news.main.ConsentForm
ADDED from src/main/AndroidManifest.xml:120:9-123:20
	android:label
		ADDED from src/main/AndroidManifest.xml:122:13-65
	android:name
		ADDED from src/main/AndroidManifest.xml:121:13-57
meta-data#com.google.android.gms.version
ADDED from [com.google.android.gms:play-services-basement:8.4.0] AndroidManifest.xml:21:9-23:69
MERGED from [com.google.android.gms:play-services-basement:8.4.0] AndroidManifest.xml:21:9-23:69
	android:value
		ADDED from [com.google.android.gms:play-services-basement:8.4.0] AndroidManifest.xml:23:13-66
	android:name
		ADDED from [com.google.android.gms:play-services-basement:8.4.0] AndroidManifest.xml:22:13-58
uses-feature#0x00020000
ADDED from [com.google.android.gms:play-services-maps:8.4.0] AndroidManifest.xml:22:5-24:33
	android:glEsVersion
		ADDED from [com.google.android.gms:play-services-maps:8.4.0] AndroidManifest.xml:23:8-40
	android:required
		ADDED from [com.google.android.gms:play-services-maps:8.4.0] AndroidManifest.xml:24:8-31